2020-10-20 11:34:23.129  INFO 75120 --- [main] api.dongsheng.OocsApplication            : Starting OocsApplication on dell with PID 75120 (D:\newProject\aioh_sw_oocs\target\classes started by dell in D:\newProject\aioh_sw_oocs)
2020-10-20 11:34:23.146  INFO 75120 --- [main] api.dongsheng.OocsApplication            : The following profiles are active: test
2020-10-20 11:34:24.450  INFO 75120 --- [main] o.apache.catalina.core.StandardService   : Starting service [Tomcat]
2020-10-20 11:34:24.450  INFO 75120 --- [main] org.apache.catalina.core.StandardEngine  : Starting Servlet engine: [Apache Tomcat/9.0.22]
2020-10-20 11:34:24.607  INFO 75120 --- [main] o.a.c.c.C.[Tomcat].[localhost].[/]       : Initializing Spring embedded WebApplicationContext
2020-10-20 11:34:26.244  INFO 75120 --- [main] o.apache.catalina.core.StandardService   : Stopping service [Tomcat]
2020-10-20 11:34:26.268 ERROR 75120 --- [main] o.s.boot.SpringApplication               : Application run failed

org.springframework.beans.factory.BeanCreationException: Error creating bean with name 'idSourceInit': Invocation of init method failed; nested exception is java.lang.RuntimeException: ConfigureWorkId get id configure is null
	at org.springframework.beans.factory.annotation.InitDestroyAnnotationBeanPostProcessor.postProcessBeforeInitialization(InitDestroyAnnotationBeanPostProcessor.java:139)
	at org.springframework.beans.factory.support.AbstractAutowireCapableBeanFactory.applyBeanPostProcessorsBeforeInitialization(AbstractAutowireCapableBeanFactory.java:414)
	at org.springframework.beans.factory.support.AbstractAutowireCapableBeanFactory.initializeBean(AbstractAutowireCapableBeanFactory.java:1770)
	at org.springframework.beans.factory.support.AbstractAutowireCapableBeanFactory.doCreateBean(AbstractAutowireCapableBeanFactory.java:593)
	at org.springframework.beans.factory.support.AbstractAutowireCapableBeanFactory.createBean(AbstractAutowireCapableBeanFactory.java:515)
	at org.springframework.beans.factory.support.AbstractBeanFactory.lambda$doGetBean$0(AbstractBeanFactory.java:320)
	at org.springframework.beans.factory.support.DefaultSingletonBeanRegistry.getSingleton(DefaultSingletonBeanRegistry.java:222)
	at org.springframework.beans.factory.support.AbstractBeanFactory.doGetBean(AbstractBeanFactory.java:318)
	at org.springframework.beans.factory.support.AbstractBeanFactory.getBean(AbstractBeanFactory.java:199)
	at org.springframework.beans.factory.support.DefaultListableBeanFactory.preInstantiateSingletons(DefaultListableBeanFactory.java:845)
	at org.springframework.context.support.AbstractApplicationContext.finishBeanFactoryInitialization(AbstractApplicationContext.java:877)
	at org.springframework.context.support.AbstractApplicationContext.refresh(AbstractApplicationContext.java:549)
	at org.springframework.boot.web.servlet.context.ServletWebServerApplicationContext.refresh(ServletWebServerApplicationContext.java:141)
	at org.springframework.boot.SpringApplication.refresh(SpringApplication.java:743)
	at org.springframework.boot.SpringApplication.refreshContext(SpringApplication.java:390)
	at org.springframework.boot.SpringApplication.run(SpringApplication.java:312)
	at org.springframework.boot.SpringApplication.run(SpringApplication.java:1214)
	at org.springframework.boot.SpringApplication.run(SpringApplication.java:1203)
	at api.dongsheng.OocsApplication.main(OocsApplication.java:14)
Caused by: java.lang.RuntimeException: ConfigureWorkId get id configure is null
	at ai.dongsheng.id.tool.properties.ConfigureWorkId.init(ConfigureWorkId.java:40)
	at ai.dongsheng.id.tool.properties.PropertiesFactory.init(PropertiesFactory.java:31)
	at api.dongsheng.config.IdSourceInit.propertiesFactory(IdSourceInit.java:16)
	at sun.reflect.NativeMethodAccessorImpl.invoke0(Native Method)
	at sun.reflect.NativeMethodAccessorImpl.invoke(NativeMethodAccessorImpl.java:62)
	at sun.reflect.DelegatingMethodAccessorImpl.invoke(DelegatingMethodAccessorImpl.java:43)
	at java.lang.reflect.Method.invoke(Method.java:498)
	at org.springframework.beans.factory.annotation.InitDestroyAnnotationBeanPostProcessor$LifecycleElement.invoke(InitDestroyAnnotationBeanPostProcessor.java:363)
	at org.springframework.beans.factory.annotation.InitDestroyAnnotationBeanPostProcessor$LifecycleMetadata.invokeInitMethods(InitDestroyAnnotationBeanPostProcessor.java:307)
	at org.springframework.beans.factory.annotation.InitDestroyAnnotationBeanPostProcessor.postProcessBeforeInitialization(InitDestroyAnnotationBeanPostProcessor.java:136)
	... 18 common frames omitted

2020-10-20 11:34:45.534  INFO 80232 --- [main] api.dongsheng.OocsApplication            : Starting OocsApplication on dell with PID 80232 (D:\newProject\aioh_sw_oocs\target\classes started by dell in D:\newProject\aioh_sw_oocs)
2020-10-20 11:34:45.537  INFO 80232 --- [main] api.dongsheng.OocsApplication            : The following profiles are active: test
2020-10-20 11:34:46.759  INFO 80232 --- [main] o.apache.catalina.core.StandardService   : Starting service [Tomcat]
2020-10-20 11:34:46.759  INFO 80232 --- [main] org.apache.catalina.core.StandardEngine  : Starting Servlet engine: [Apache Tomcat/9.0.22]
2020-10-20 11:34:46.920  INFO 80232 --- [main] o.a.c.c.C.[Tomcat].[localhost].[/]       : Initializing Spring embedded WebApplicationContext
2020-10-20 11:34:47.975  INFO 80232 --- [main] com.alibaba.druid.pool.DruidDataSource   : {dataSource-1} inited
2020-10-20 11:34:48.543  INFO 80232 --- [main] com.alibaba.druid.pool.DruidDataSource   : {dataSource-2} inited
2020-10-20 11:34:49.828  INFO 80232 --- [main] api.dongsheng.OocsApplication            : Started OocsApplication in 4.625 seconds (JVM running for 5.38)
2020-10-20 11:35:58.720  INFO 80232 --- [http-nio-9037-exec-3] o.a.c.c.C.[Tomcat].[localhost].[/]       : Initializing Spring DispatcherServlet 'dispatcherServlet'
2020-10-20 11:35:59.251  INFO 80232 --- [http-nio-9037-exec-3] api.dongsheng.interceptor.WebLogAspect   : ========================================== Start ==========================================
2020-10-20 11:35:59.251  INFO 80232 --- [http-nio-9037-exec-3] api.dongsheng.interceptor.WebLogAspect   : URL            : http://localhost:9037/v2/open/ocs/payment/unifiedOrder
2020-10-20 11:35:59.252  INFO 80232 --- [http-nio-9037-exec-3] api.dongsheng.interceptor.WebLogAspect   : HTTP Method    : POST
2020-10-20 11:35:59.253  INFO 80232 --- [http-nio-9037-exec-3] api.dongsheng.interceptor.WebLogAspect   : Class Method   : api.dongsheng.controller.PaymentController.unifiedOrder
2020-10-20 11:35:59.254  INFO 80232 --- [http-nio-9037-exec-3] api.dongsheng.interceptor.WebLogAspect   : IP             : 0:0:0:0:0:0:0:1
2020-10-20 11:35:59.254  INFO 80232 --- [http-nio-9037-exec-3] api.dongsheng.interceptor.WebLogAspect   : sign           : aaf834dfcdd49087d3ffbe8dd62d9cdd
2020-10-20 11:35:59.254  INFO 80232 --- [http-nio-9037-exec-3] api.dongsheng.interceptor.WebLogAspect   : channelId      : 9006
2020-10-20 11:35:59.254  INFO 80232 --- [http-nio-9037-exec-3] api.dongsheng.interceptor.WebLogAspect   : Request Args   : [PlaceOrderReqVO(passport=233125061, userid=FAD35D399C48348E2AF2C06B99E36081, device_id=222222, token=a45abba2cebfaf5acadb0c6a5365398efb3b21b353f7ac55c15e16e59c908d0404420189d7c0251eadc3caa72aec62e9, sp=KG, goodsId=111000001000001), api.dongsheng.common.RequestWrapper@77c9ad4b]
2020-10-20 11:35:59.454  INFO 80232 --- [http-nio-9037-exec-3] api.dongsheng.interceptor.WebLogAspect   : =========================================== End ===========================================
2020-10-20 11:35:59.454  INFO 80232 --- [http-nio-9037-exec-3] api.dongsheng.interceptor.WebLogAspect   : 
2020-10-20 11:35:59.458 ERROR 80232 --- [http-nio-9037-exec-3] a.d.exception.GlobalExceptionResolver    : idProperties为空

java.lang.RuntimeException: idProperties为空
	at ai.dongsheng.id.tool.core.IdWorker.configByProperties(IdWorker.java:120)
	at ai.dongsheng.id.tool.core.IdWorker.<init>(IdWorker.java:56)
	at ai.dongsheng.id.tool.core.IdWorkerFactory.getIdWorker(IdWorkerFactory.java:24)
	at ai.dongsheng.id.tool.core.IdTemplate.getId(IdTemplate.java:64)
	at ai.dongsheng.id.tool.core.IdTemplate.nextId(IdTemplate.java:27)
	at api.dongsheng.service.impl.PayOrdersServiceImpl.unifiedOrder(PayOrdersServiceImpl.java:93)
	at api.dongsheng.service.impl.PayOrdersServiceImpl$$FastClassBySpringCGLIB$$83ca4fa0.invoke(<generated>)
	at org.springframework.cglib.proxy.MethodProxy.invoke(MethodProxy.java:218)
	at org.springframework.aop.framework.CglibAopProxy$CglibMethodInvocation.invokeJoinpoint(CglibAopProxy.java:749)
	at org.springframework.aop.framework.ReflectiveMethodInvocation.proceed(ReflectiveMethodInvocation.java:163)
	at org.springframework.transaction.interceptor.TransactionInterceptor$1.proceedWithInvocation(TransactionInterceptor.java:99)
	at org.springframework.transaction.interceptor.TransactionAspectSupport.invokeWithinTransaction(TransactionAspectSupport.java:282)
	at org.springframework.transaction.interceptor.TransactionInterceptor.invoke(TransactionInterceptor.java:96)
	at org.springframework.aop.framework.ReflectiveMethodInvocation.proceed(ReflectiveMethodInvocation.java:186)
	at org.springframework.aop.framework.CglibAopProxy$DynamicAdvisedInterceptor.intercept(CglibAopProxy.java:688)
	at api.dongsheng.service.impl.PayOrdersServiceImpl$$EnhancerBySpringCGLIB$$9f07d2f9.unifiedOrder(<generated>)
	at api.dongsheng.controller.PaymentController.unifiedOrder(PaymentController.java:60)
	at api.dongsheng.controller.PaymentController$$FastClassBySpringCGLIB$$43627a8d.invoke(<generated>)
	at org.springframework.cglib.proxy.MethodProxy.invoke(MethodProxy.java:218)
	at org.springframework.aop.framework.CglibAopProxy$CglibMethodInvocation.invokeJoinpoint(CglibAopProxy.java:749)
	at org.springframework.aop.framework.ReflectiveMethodInvocation.proceed(ReflectiveMethodInvocation.java:163)
	at org.springframework.aop.framework.adapter.MethodBeforeAdviceInterceptor.invoke(MethodBeforeAdviceInterceptor.java:56)
	at org.springframework.aop.framework.ReflectiveMethodInvocation.proceed(ReflectiveMethodInvocation.java:186)
	at org.springframework.aop.aspectj.MethodInvocationProceedingJoinPoint.proceed(MethodInvocationProceedingJoinPoint.java:88)
	at api.dongsheng.interceptor.WebLogAspect.doAround(WebLogAspect.java:89)
	at sun.reflect.NativeMethodAccessorImpl.invoke0(Native Method)
	at sun.reflect.NativeMethodAccessorImpl.invoke(NativeMethodAccessorImpl.java:62)
	at sun.reflect.DelegatingMethodAccessorImpl.invoke(DelegatingMethodAccessorImpl.java:43)
	at java.lang.reflect.Method.invoke(Method.java:498)
	at org.springframework.aop.aspectj.AbstractAspectJAdvice.invokeAdviceMethodWithGivenArgs(AbstractAspectJAdvice.java:644)
	at org.springframework.aop.aspectj.AbstractAspectJAdvice.invokeAdviceMethod(AbstractAspectJAdvice.java:633)
	at org.springframework.aop.aspectj.AspectJAroundAdvice.invoke(AspectJAroundAdvice.java:70)
	at org.springframework.aop.framework.ReflectiveMethodInvocation.proceed(ReflectiveMethodInvocation.java:186)
	at org.springframework.aop.aspectj.AspectJAfterAdvice.invoke(AspectJAfterAdvice.java:47)
	at org.springframework.aop.framework.ReflectiveMethodInvocation.proceed(ReflectiveMethodInvocation.java:186)
	at org.springframework.aop.interceptor.ExposeInvocationInterceptor.invoke(ExposeInvocationInterceptor.java:93)
	at org.springframework.aop.framework.ReflectiveMethodInvocation.proceed(ReflectiveMethodInvocation.java:186)
	at org.springframework.aop.framework.CglibAopProxy$DynamicAdvisedInterceptor.intercept(CglibAopProxy.java:688)
	at api.dongsheng.controller.PaymentController$$EnhancerBySpringCGLIB$$1ffa9f81.unifiedOrder(<generated>)
	at sun.reflect.NativeMethodAccessorImpl.invoke0(Native Method)
	at sun.reflect.NativeMethodAccessorImpl.invoke(NativeMethodAccessorImpl.java:62)
	at sun.reflect.DelegatingMethodAccessorImpl.invoke(DelegatingMethodAccessorImpl.java:43)
	at java.lang.reflect.Method.invoke(Method.java:498)
	at org.springframework.web.method.support.InvocableHandlerMethod.doInvoke(InvocableHandlerMethod.java:190)
	at org.springframework.web.method.support.InvocableHandlerMethod.invokeForRequest(InvocableHandlerMethod.java:138)
	at org.springframework.web.servlet.mvc.method.annotation.ServletInvocableHandlerMethod.invokeAndHandle(ServletInvocableHandlerMethod.java:104)
	at org.springframework.web.servlet.mvc.method.annotation.RequestMappingHandlerAdapter.invokeHandlerMethod(RequestMappingHandlerAdapter.java:892)
	at org.springframework.web.servlet.mvc.method.annotation.RequestMappingHandlerAdapter.handleInternal(RequestMappingHandlerAdapter.java:797)
	at org.springframework.web.servlet.mvc.method.AbstractHandlerMethodAdapter.handle(AbstractHandlerMethodAdapter.java:87)
	at org.springframework.web.servlet.DispatcherServlet.doDispatch(DispatcherServlet.java:1039)
	at org.springframework.web.servlet.DispatcherServlet.doService(DispatcherServlet.java:942)
	at org.springframework.web.servlet.FrameworkServlet.processRequest(FrameworkServlet.java:1005)
	at org.springframework.web.servlet.FrameworkServlet.doPost(FrameworkServlet.java:908)
	at javax.servlet.http.HttpServlet.service(HttpServlet.java:660)
	at org.springframework.web.servlet.FrameworkServlet.service(FrameworkServlet.java:882)
	at javax.servlet.http.HttpServlet.service(HttpServlet.java:741)
	at org.apache.catalina.core.ApplicationFilterChain.internalDoFilter(ApplicationFilterChain.java:231)
	at org.apache.catalina.core.ApplicationFilterChain.doFilter(ApplicationFilterChain.java:166)
	at org.apache.tomcat.websocket.server.WsFilter.doFilter(WsFilter.java:53)
	at org.apache.catalina.core.ApplicationFilterChain.internalDoFilter(ApplicationFilterChain.java:193)
	at org.apache.catalina.core.ApplicationFilterChain.doFilter(ApplicationFilterChain.java:166)
	at api.dongsheng.common.RequestFilter.doFilter(RequestFilter.java:26)
	at org.apache.catalina.core.ApplicationFilterChain.internalDoFilter(ApplicationFilterChain.java:193)
	at org.apache.catalina.core.ApplicationFilterChain.doFilter(ApplicationFilterChain.java:166)
	at org.springframework.web.filter.RequestContextFilter.doFilterInternal(RequestContextFilter.java:99)
	at org.springframework.web.filter.OncePerRequestFilter.doFilter(OncePerRequestFilter.java:118)
	at org.apache.catalina.core.ApplicationFilterChain.internalDoFilter(ApplicationFilterChain.java:193)
	at org.apache.catalina.core.ApplicationFilterChain.doFilter(ApplicationFilterChain.java:166)
	at org.springframework.web.filter.FormContentFilter.doFilterInternal(FormContentFilter.java:92)
	at org.springframework.web.filter.OncePerRequestFilter.doFilter(OncePerRequestFilter.java:118)
	at org.apache.catalina.core.ApplicationFilterChain.internalDoFilter(ApplicationFilterChain.java:193)
	at org.apache.catalina.core.ApplicationFilterChain.doFilter(ApplicationFilterChain.java:166)
	at org.springframework.web.filter.HiddenHttpMethodFilter.doFilterInternal(HiddenHttpMethodFilter.java:93)
	at org.springframework.web.filter.OncePerRequestFilter.doFilter(OncePerRequestFilter.java:118)
	at org.apache.catalina.core.ApplicationFilterChain.internalDoFilter(ApplicationFilterChain.java:193)
	at org.apache.catalina.core.ApplicationFilterChain.doFilter(ApplicationFilterChain.java:166)
	at org.springframework.web.filter.CharacterEncodingFilter.doFilterInternal(CharacterEncodingFilter.java:200)
	at org.springframework.web.filter.OncePerRequestFilter.doFilter(OncePerRequestFilter.java:118)
	at org.apache.catalina.core.ApplicationFilterChain.internalDoFilter(ApplicationFilterChain.java:193)
	at org.apache.catalina.core.ApplicationFilterChain.doFilter(ApplicationFilterChain.java:166)
	at org.apache.catalina.core.StandardWrapperValve.invoke(StandardWrapperValve.java:202)
	at org.apache.catalina.core.StandardContextValve.invoke(StandardContextValve.java:96)
	at org.apache.catalina.authenticator.AuthenticatorBase.invoke(AuthenticatorBase.java:490)
	at org.apache.catalina.core.StandardHostValve.invoke(StandardHostValve.java:139)
	at org.apache.catalina.valves.ErrorReportValve.invoke(ErrorReportValve.java:92)
	at org.apache.catalina.core.StandardEngineValve.invoke(StandardEngineValve.java:74)
	at org.apache.catalina.connector.CoyoteAdapter.service(CoyoteAdapter.java:343)
	at org.apache.coyote.http11.Http11Processor.service(Http11Processor.java:408)
	at org.apache.coyote.AbstractProcessorLight.process(AbstractProcessorLight.java:66)
	at org.apache.coyote.AbstractProtocol$ConnectionHandler.process(AbstractProtocol.java:853)
	at org.apache.tomcat.util.net.NioEndpoint$SocketProcessor.doRun(NioEndpoint.java:1587)
	at org.apache.tomcat.util.net.SocketProcessorBase.run(SocketProcessorBase.java:49)
	at java.util.concurrent.ThreadPoolExecutor.runWorker(ThreadPoolExecutor.java:1149)
	at java.util.concurrent.ThreadPoolExecutor$Worker.run(ThreadPoolExecutor.java:624)
	at org.apache.tomcat.util.threads.TaskThread$WrappingRunnable.run(TaskThread.java:61)
	at java.lang.Thread.run(Thread.java:748)

2020-10-20 11:37:06.079  INFO 79364 --- [main] api.dongsheng.OocsApplication            : Starting OocsApplication on dell with PID 79364 (D:\newProject\aioh_sw_oocs\target\classes started by dell in D:\newProject\aioh_sw_oocs)
2020-10-20 11:37:06.081  INFO 79364 --- [main] api.dongsheng.OocsApplication            : The following profiles are active: test
2020-10-20 11:37:07.344  INFO 79364 --- [main] o.apache.catalina.core.StandardService   : Starting service [Tomcat]
2020-10-20 11:37:07.344  INFO 79364 --- [main] org.apache.catalina.core.StandardEngine  : Starting Servlet engine: [Apache Tomcat/9.0.22]
2020-10-20 11:37:07.519  INFO 79364 --- [main] o.a.c.c.C.[Tomcat].[localhost].[/]       : Initializing Spring embedded WebApplicationContext
2020-10-20 11:37:08.675  INFO 79364 --- [main] com.alibaba.druid.pool.DruidDataSource   : {dataSource-1} inited
2020-10-20 11:37:09.541  INFO 79364 --- [main] com.alibaba.druid.pool.DruidDataSource   : {dataSource-2} inited
2020-10-20 11:37:10.925  INFO 79364 --- [main] api.dongsheng.OocsApplication            : Started OocsApplication in 5.171 seconds (JVM running for 5.967)
2020-10-20 11:37:11.290  INFO 79364 --- [http-nio-9037-exec-1] o.a.c.c.C.[Tomcat].[localhost].[/]       : Initializing Spring DispatcherServlet 'dispatcherServlet'
2020-10-20 11:37:11.913  INFO 79364 --- [http-nio-9037-exec-1] api.dongsheng.interceptor.WebLogAspect   : ========================================== Start ==========================================
2020-10-20 11:37:11.914  INFO 79364 --- [http-nio-9037-exec-1] api.dongsheng.interceptor.WebLogAspect   : URL            : http://localhost:9037/v2/open/ocs/payment/unifiedOrder
2020-10-20 11:37:11.915  INFO 79364 --- [http-nio-9037-exec-1] api.dongsheng.interceptor.WebLogAspect   : HTTP Method    : POST
2020-10-20 11:37:11.917  INFO 79364 --- [http-nio-9037-exec-1] api.dongsheng.interceptor.WebLogAspect   : Class Method   : api.dongsheng.controller.PaymentController.unifiedOrder
2020-10-20 11:37:11.918  INFO 79364 --- [http-nio-9037-exec-1] api.dongsheng.interceptor.WebLogAspect   : IP             : 0:0:0:0:0:0:0:1
2020-10-20 11:37:11.918  INFO 79364 --- [http-nio-9037-exec-1] api.dongsheng.interceptor.WebLogAspect   : sign           : aaf834dfcdd49087d3ffbe8dd62d9cdd
2020-10-20 11:37:11.918  INFO 79364 --- [http-nio-9037-exec-1] api.dongsheng.interceptor.WebLogAspect   : channelId      : 9006
2020-10-20 11:37:11.918  INFO 79364 --- [http-nio-9037-exec-1] api.dongsheng.interceptor.WebLogAspect   : Request Args   : [PlaceOrderReqVO(passport=233125061, userid=FAD35D399C48348E2AF2C06B99E36081, device_id=222222, token=a45abba2cebfaf5acadb0c6a5365398efb3b21b353f7ac55c15e16e59c908d0404420189d7c0251eadc3caa72aec62e9, sp=KG, goodsId=111000001000001), api.dongsheng.common.RequestWrapper@20034b6c]
2020-10-20 11:37:46.389  INFO 79364 --- [http-nio-9037-exec-1] a.d.service.strategyfactory.AlipayPay    : AlipayPay in parameter payOrderId:2020101120-615451471122729489,orderPrice:1,ip:0:0:0:0:0:0:0:1,goodsName:1个月酷狗音乐音箱会员
2020-10-20 11:37:47.425  INFO 79364 --- [http-nio-9037-exec-1] sdk.biz.err                              : Summary^_^10000^_^null^_^ProtocalMustParams:charset=UTF-8&method=alipay.trade.precreate&sign=P+Ghmin8nmQ9Czb3PBYdQUYFZm+KzutyjWoChX1/bg3SSfvdXceitsqxV15TD8AF59Q1lVtc8vJGpx+ONYYKeaNQMRTJShu7OjfX28v3a/HPio6no/8r97Knja597zU2xdP+cQym1eCtddw/zQTIGrs0kuMH0HkvyoG5jM7eZuuomqmb4pPTGsQ8M/FMdtDaZjBpfZh2l2YKN6c6COil+yM+Gl4OQ4TTp98TJbH+Ot0z/P6E9VllLGd2AM35VHJaiWb8vE6GGVv/rC1EmBTM0nkSgoo/97EawUCYOM8VngoWg1XSzfghDTfOS5NGTrUikLELnsSZNDkih7GKGtsyiA==&notify_url=https://t1.aidongsheng.com/v2/open/ocs/payment/notify/alipay&version=1.0&app_id=2021001187643908&sign_type=RSA2&timestamp=2020-10-20 11:37:46^_^ProtocalOptParams:alipay_sdk=alipay-sdk-java-dynamicVersionNo&format=json^_^ApplicationParams:biz_content={"out_trade_no":"2020101120-615451471122729489","total_amount":"0.01","subject":"购买1个月酷狗音乐音箱会员"}^_^309ms,643ms,75ms
2020-10-20 11:37:52.710  INFO 79364 --- [http-nio-9037-exec-1] a.d.service.strategyfactory.WeChatPay    : WeChatPay in parameter payOrderId:2020101120-615451471122729489,orderPrice:1,ip:0:0:0:0:0:0:0:1,goodsName:1个月酷狗音乐音箱会员
2020-10-20 11:38:11.802  INFO 79364 --- [http-nio-9037-exec-1] api.dongsheng.interceptor.WebLogAspect   : Response Args  : {"code":0,"msg":"success","data":{"goodsId":"111000001000001","membershipName":"1个月酷狗音乐音箱会员","membershipNorms":1,"orderAmount":1,"paymentOrderId":"2020101120-615451471122729489","alipayCodeUrl":"https://qr.alipay.com/bax00701kapfkjxury1m2018","weChaCodeUrl":"weixin://wxpay/bizpayurl?pr=vienwRx00"}}
2020-10-20 11:38:11.802  INFO 79364 --- [http-nio-9037-exec-1] api.dongsheng.interceptor.WebLogAspect   : Time-Consuming : 59889 ms
2020-10-20 11:38:11.803  INFO 79364 --- [http-nio-9037-exec-1] api.dongsheng.interceptor.WebLogAspect   : =========================================== End ===========================================
2020-10-20 11:38:11.803  INFO 79364 --- [http-nio-9037-exec-1] api.dongsheng.interceptor.WebLogAspect   : 
