2020-09-30 10:55:16.396  INFO 15456 --- [main] api.dongsheng.OocsApplication            : Starting OocsApplication on dell with PID 15456 (D:\newProject\aioh_sw_oocs\target\classes started by dell in D:\newProject\aioh_sw_oocs)
2020-09-30 10:55:16.401  INFO 15456 --- [main] api.dongsheng.OocsApplication            : The following profiles are active: dev
2020-09-30 10:55:18.326  INFO 15456 --- [main] o.apache.catalina.core.StandardService   : Starting service [Tomcat]
2020-09-30 10:55:18.326  INFO 15456 --- [main] org.apache.catalina.core.StandardEngine  : Starting Servlet engine: [Apache Tomcat/9.0.22]
2020-09-30 10:55:18.431  INFO 15456 --- [main] o.a.c.c.C.[Tomcat].[localhost].[/]       : Initializing Spring embedded WebApplicationContext
2020-09-30 10:55:20.161  INFO 15456 --- [main] o.apache.catalina.core.StandardService   : Stopping service [Tomcat]
2020-09-30 10:55:20.224 ERROR 15456 --- [main] o.s.boot.SpringApplication               : Application run failed

org.springframework.beans.factory.BeanCreationException: Error creating bean with name 'idSourceInit': Invocation of init method failed; nested exception is java.lang.RuntimeException: ConfigureWorkId get id configure is null
	at org.springframework.beans.factory.annotation.InitDestroyAnnotationBeanPostProcessor.postProcessBeforeInitialization(InitDestroyAnnotationBeanPostProcessor.java:139)
	at org.springframework.beans.factory.support.AbstractAutowireCapableBeanFactory.applyBeanPostProcessorsBeforeInitialization(AbstractAutowireCapableBeanFactory.java:414)
	at org.springframework.beans.factory.support.AbstractAutowireCapableBeanFactory.initializeBean(AbstractAutowireCapableBeanFactory.java:1770)
	at org.springframework.beans.factory.support.AbstractAutowireCapableBeanFactory.doCreateBean(AbstractAutowireCapableBeanFactory.java:593)
	at org.springframework.beans.factory.support.AbstractAutowireCapableBeanFactory.createBean(AbstractAutowireCapableBeanFactory.java:515)
	at org.springframework.beans.factory.support.AbstractBeanFactory.lambda$doGetBean$0(AbstractBeanFactory.java:320)
	at org.springframework.beans.factory.support.DefaultSingletonBeanRegistry.getSingleton(DefaultSingletonBeanRegistry.java:222)
	at org.springframework.beans.factory.support.AbstractBeanFactory.doGetBean(AbstractBeanFactory.java:318)
	at org.springframework.beans.factory.support.AbstractBeanFactory.getBean(AbstractBeanFactory.java:199)
	at org.springframework.beans.factory.support.DefaultListableBeanFactory.preInstantiateSingletons(DefaultListableBeanFactory.java:845)
	at org.springframework.context.support.AbstractApplicationContext.finishBeanFactoryInitialization(AbstractApplicationContext.java:877)
	at org.springframework.context.support.AbstractApplicationContext.refresh(AbstractApplicationContext.java:549)
	at org.springframework.boot.web.servlet.context.ServletWebServerApplicationContext.refresh(ServletWebServerApplicationContext.java:141)
	at org.springframework.boot.SpringApplication.refresh(SpringApplication.java:743)
	at org.springframework.boot.SpringApplication.refreshContext(SpringApplication.java:390)
	at org.springframework.boot.SpringApplication.run(SpringApplication.java:312)
	at org.springframework.boot.SpringApplication.run(SpringApplication.java:1214)
	at org.springframework.boot.SpringApplication.run(SpringApplication.java:1203)
	at api.dongsheng.OocsApplication.main(OocsApplication.java:14)
Caused by: java.lang.RuntimeException: ConfigureWorkId get id configure is null
	at ai.dongsheng.id.tool.properties.ConfigureWorkId.init(ConfigureWorkId.java:40)
	at ai.dongsheng.id.tool.properties.PropertiesFactory.init(PropertiesFactory.java:31)
	at api.dongsheng.config.IdSourceInit.propertiesFactory(IdSourceInit.java:16)
	at sun.reflect.NativeMethodAccessorImpl.invoke0(Native Method)
	at sun.reflect.NativeMethodAccessorImpl.invoke(NativeMethodAccessorImpl.java:62)
	at sun.reflect.DelegatingMethodAccessorImpl.invoke(DelegatingMethodAccessorImpl.java:43)
	at java.lang.reflect.Method.invoke(Method.java:498)
	at org.springframework.beans.factory.annotation.InitDestroyAnnotationBeanPostProcessor$LifecycleElement.invoke(InitDestroyAnnotationBeanPostProcessor.java:363)
	at org.springframework.beans.factory.annotation.InitDestroyAnnotationBeanPostProcessor$LifecycleMetadata.invokeInitMethods(InitDestroyAnnotationBeanPostProcessor.java:307)
	at org.springframework.beans.factory.annotation.InitDestroyAnnotationBeanPostProcessor.postProcessBeforeInitialization(InitDestroyAnnotationBeanPostProcessor.java:136)
	... 18 common frames omitted

2020-09-30 11:10:02.949  INFO 15440 --- [main] api.dongsheng.OocsApplication            : Starting OocsApplication on dell with PID 15440 (D:\newProject\aioh_sw_oocs\target\classes started by dell in D:\newProject\aioh_sw_oocs)
2020-09-30 11:10:02.951  INFO 15440 --- [main] api.dongsheng.OocsApplication            : The following profiles are active: test
2020-09-30 11:10:04.185  INFO 15440 --- [main] o.apache.catalina.core.StandardService   : Starting service [Tomcat]
2020-09-30 11:10:04.186  INFO 15440 --- [main] org.apache.catalina.core.StandardEngine  : Starting Servlet engine: [Apache Tomcat/9.0.22]
2020-09-30 11:10:04.381  INFO 15440 --- [main] o.a.c.c.C.[Tomcat].[localhost].[/]       : Initializing Spring embedded WebApplicationContext
2020-09-30 11:10:15.794  INFO 15440 --- [main] com.alibaba.druid.pool.DruidDataSource   : {dataSource-1} inited
2020-09-30 11:10:16.416  INFO 15440 --- [main] com.alibaba.druid.pool.DruidDataSource   : {dataSource-2} inited
2020-09-30 11:10:18.274  INFO 15440 --- [main] api.dongsheng.OocsApplication            : Started OocsApplication in 15.645 seconds (JVM running for 16.473)
2020-09-30 11:17:08.202  INFO 15440 --- [http-nio-9037-exec-1] o.a.c.c.C.[Tomcat].[localhost].[/]       : Initializing Spring DispatcherServlet 'dispatcherServlet'
2020-09-30 11:17:11.961  INFO 15440 --- [http-nio-9037-exec-1] api.dongsheng.interceptor.WebLogAspect   : ========================================== Start ==========================================
2020-09-30 11:17:11.961  INFO 15440 --- [http-nio-9037-exec-1] api.dongsheng.interceptor.WebLogAspect   : URL            : http://localhost:9037/v2/open/ocs/xmly/search/all
2020-09-30 11:17:11.962  INFO 15440 --- [http-nio-9037-exec-1] api.dongsheng.interceptor.WebLogAspect   : HTTP Method    : POST
2020-09-30 11:17:11.963  INFO 15440 --- [http-nio-9037-exec-1] api.dongsheng.interceptor.WebLogAspect   : Class Method   : api.dongsheng.controller.XmlyController.searchAll
2020-09-30 11:17:11.964  INFO 15440 --- [http-nio-9037-exec-1] api.dongsheng.interceptor.WebLogAspect   : IP             : 0:0:0:0:0:0:0:1
2020-09-30 11:17:11.964  INFO 15440 --- [http-nio-9037-exec-1] api.dongsheng.interceptor.WebLogAspect   : sign           : 1a1ce7a386c1e72e3ae35025fb5e7403
2020-09-30 11:17:11.964  INFO 15440 --- [http-nio-9037-exec-1] api.dongsheng.interceptor.WebLogAspect   : channelId      : 9006
2020-09-30 11:17:11.964  INFO 15440 --- [http-nio-9037-exec-1] api.dongsheng.interceptor.WebLogAspect   : Request Args   : [{"q":"少年","client_os_type":1,"device_id":222222,"count":200,"page":1}, api.dongsheng.common.RequestWrapper@4f704518]
2020-09-30 11:17:14.440  INFO 15440 --- [http-nio-9037-exec-1] api.dongsheng.interceptor.WebLogAspect   : =========================================== End ===========================================
2020-09-30 11:17:14.440  INFO 15440 --- [http-nio-9037-exec-1] api.dongsheng.interceptor.WebLogAspect   : 
